{
  "stats": {
    "suites": 1,
    "tests": 5,
    "passes": 5,
    "pending": 0,
    "failures": 0,
    "start": "2022-07-01T15:56:57.721Z",
    "end": "2022-07-01T15:56:59.005Z",
    "duration": 1284,
    "testsRegistered": 5,
    "passPercent": 100,
    "pendingPercent": 0,
    "other": 0,
    "hasOther": false,
    "skipped": 0,
    "hasSkipped": false
  },
  "results": [
    {
      "uuid": "d02798db-40da-4b3b-9f53-8c721e52b281",
      "title": "",
      "fullFile": "/Users/fawzi/Documents/Code/pagii_testapi/api/test/login_test.js",
      "file": "/api/test/login_test.js",
      "beforeHooks": [],
      "afterHooks": [],
      "tests": [],
      "suites": [
        {
          "uuid": "ac1ab512-8ec3-4d31-b016-d424e02727d4",
          "title": "Login to Web Pagii CMS",
          "fullFile": "/Users/fawzi/Documents/Code/pagii_testapi/api/test/login_test.js",
          "file": "/api/test/login_test.js",
          "beforeHooks": [],
          "afterHooks": [],
          "tests": [
            {
              "title": "SC01 - As a HR Role, I should to able to login with valid Credential",
              "fullTitle": "Login to Web Pagii CMS SC01 - As a HR Role, I should to able to login with valid Credential",
              "timedOut": false,
              "duration": 452,
              "state": "passed",
              "speed": "slow",
              "pass": true,
              "fail": false,
              "pending": false,
              "context": null,
              "code": "const response = await page.auth_login(data.valid_credential);\nassert(response.status).to.equal(200);\nassert(response.body.data.message).to.equal(\"Login berhasil\");",
              "err": {},
              "uuid": "21780c80-d9a5-440b-ac50-409d00ad6c54",
              "parentUUID": "ac1ab512-8ec3-4d31-b016-d424e02727d4",
              "isHook": false,
              "skipped": false
            },
            {
              "title": "SC02 - As an Unregistered User, I should not be able to login to Pagii",
              "fullTitle": "Login to Web Pagii CMS SC02 - As an Unregistered User, I should not be able to login to Pagii",
              "timedOut": false,
              "duration": 184,
              "state": "passed",
              "speed": "slow",
              "pass": true,
              "fail": false,
              "pending": false,
              "context": null,
              "code": "const response = await page.auth_login(data.unregistered);\nassert(response.status).to.equal(401, response.body.message);",
              "err": {},
              "uuid": "89d93080-8abd-49b3-9bea-2b3e140a31ff",
              "parentUUID": "ac1ab512-8ec3-4d31-b016-d424e02727d4",
              "isHook": false,
              "skipped": false
            },
            {
              "title": "SC03 -  As User, I should not be able to login if email is invalid",
              "fullTitle": "Login to Web Pagii CMS SC03 -  As User, I should not be able to login if email is invalid",
              "timedOut": false,
              "duration": 199,
              "state": "passed",
              "speed": "slow",
              "pass": true,
              "fail": false,
              "pending": false,
              "context": null,
              "code": "const response = await page.auth_login(data.invalid_email);\nassert(response.status).to.equal(400, response.body.message);",
              "err": {},
              "uuid": "430885d0-79b9-4fe9-9435-6415a59a0708",
              "parentUUID": "ac1ab512-8ec3-4d31-b016-d424e02727d4",
              "isHook": false,
              "skipped": false
            },
            {
              "title": "SC04 - As User, I should not be able to login if password is invalid",
              "fullTitle": "Login to Web Pagii CMS SC04 - As User, I should not be able to login if password is invalid",
              "timedOut": false,
              "duration": 235,
              "state": "passed",
              "speed": "slow",
              "pass": true,
              "fail": false,
              "pending": false,
              "context": null,
              "code": "const response = await page.auth_login(data.invalid_password);\nassert(response.status).to.equal(401, response.body.message);\nassert(response.body.data.message).to.equal(\"Email atau password salah\");",
              "err": {},
              "uuid": "58f639b3-f906-4e3b-9cd3-bf864ab3a21c",
              "parentUUID": "ac1ab512-8ec3-4d31-b016-d424e02727d4",
              "isHook": false,
              "skipped": false
            },
            {
              "title": "SC05 - As User, I should not be able to login if this credential is empty",
              "fullTitle": "Login to Web Pagii CMS SC05 - As User, I should not be able to login if this credential is empty",
              "timedOut": false,
              "duration": 203,
              "state": "passed",
              "speed": "slow",
              "pass": true,
              "fail": false,
              "pending": false,
              "context": null,
              "code": "const response = await page.auth_login(data.credential_null);\nassert(response.status).to.equal(400, response.body.message);",
              "err": {},
              "uuid": "88fe4d66-e67a-4e88-82b9-80d9fe2ee2e4",
              "parentUUID": "ac1ab512-8ec3-4d31-b016-d424e02727d4",
              "isHook": false,
              "skipped": false
            }
          ],
          "suites": [],
          "passes": [
            "21780c80-d9a5-440b-ac50-409d00ad6c54",
            "89d93080-8abd-49b3-9bea-2b3e140a31ff",
            "430885d0-79b9-4fe9-9435-6415a59a0708",
            "58f639b3-f906-4e3b-9cd3-bf864ab3a21c",
            "88fe4d66-e67a-4e88-82b9-80d9fe2ee2e4"
          ],
          "failures": [],
          "pending": [],
          "skipped": [],
          "duration": 1273,
          "root": false,
          "rootEmpty": false,
          "_timeout": 20000
        }
      ],
      "passes": [],
      "failures": [],
      "pending": [],
      "skipped": [],
      "duration": 0,
      "root": true,
      "rootEmpty": true,
      "_timeout": 20000
    }
  ],
  "meta": {
    "mocha": {
      "version": "10.0.0"
    },
    "mochawesome": {
      "options": {
        "quiet": false,
        "reportFilename": "mochawesome",
        "saveHtml": true,
        "saveJson": true,
        "consoleReporter": "spec",
        "useInlineDiffs": false,
        "code": true
      },
      "version": "7.1.3"
    },
    "marge": {
      "options": null,
      "version": "6.2.0"
    }
  }
}